[2.927s] Invoking command in '/home/ubuntu/work_space/src/deteccionaruco': PYTHONPATH=/home/ubuntu/work_space/install/deteccionaruco/lib/python3.8/site-packages:${PYTHONPATH} /usr/bin/python3 setup.py egg_info --egg-base ../../build/deteccionaruco build --build-base /home/ubuntu/work_space/build/deteccionaruco/build install --prefix /home/ubuntu/work_space/install/deteccionaruco --record /home/ubuntu/work_space/build/deteccionaruco/install.log --single-version-externally-managed
[3.933s] running egg_info
[3.935s] writing ../../build/deteccionaruco/deteccionaruco.egg-info/PKG-INFO
[3.936s] writing dependency_links to ../../build/deteccionaruco/deteccionaruco.egg-info/dependency_links.txt
[3.937s] writing entry points to ../../build/deteccionaruco/deteccionaruco.egg-info/entry_points.txt
[3.938s] writing requirements to ../../build/deteccionaruco/deteccionaruco.egg-info/requires.txt
[3.939s] writing top-level names to ../../build/deteccionaruco/deteccionaruco.egg-info/top_level.txt
[4.089s] reading manifest file '../../build/deteccionaruco/deteccionaruco.egg-info/SOURCES.txt'
[4.093s] writing manifest file '../../build/deteccionaruco/deteccionaruco.egg-info/SOURCES.txt'
[4.094s] running build
[4.094s] running build_py
[4.095s] copying deteccionaruco/aruco_odom.py -> /home/ubuntu/work_space/build/deteccionaruco/build/lib/deteccionaruco
[4.096s] running install
[4.099s] running install_lib
[4.103s] copying /home/ubuntu/work_space/build/deteccionaruco/build/lib/deteccionaruco/aruco_odom.py -> /home/ubuntu/work_space/install/deteccionaruco/lib/python3.8/site-packages/deteccionaruco
[4.106s] byte-compiling /home/ubuntu/work_space/install/deteccionaruco/lib/python3.8/site-packages/deteccionaruco/aruco_odom.py to aruco_odom.cpython-38.pyc
[4.113s] running install_data
[4.115s] running install_egg_info
[4.121s] removing '/home/ubuntu/work_space/install/deteccionaruco/lib/python3.8/site-packages/deteccionaruco-0.0.0-py3.8.egg-info' (and everything under it)
[4.123s] Copying ../../build/deteccionaruco/deteccionaruco.egg-info to /home/ubuntu/work_space/install/deteccionaruco/lib/python3.8/site-packages/deteccionaruco-0.0.0-py3.8.egg-info
[4.128s] running install_scripts
[4.198s] Installing aruco_odom script to /home/ubuntu/work_space/install/deteccionaruco/lib/deteccionaruco
[4.200s] writing list of installed files to '/home/ubuntu/work_space/build/deteccionaruco/install.log'
[4.305s] Invoked command in '/home/ubuntu/work_space/src/deteccionaruco' returned '0': PYTHONPATH=/home/ubuntu/work_space/install/deteccionaruco/lib/python3.8/site-packages:${PYTHONPATH} /usr/bin/python3 setup.py egg_info --egg-base ../../build/deteccionaruco build --build-base /home/ubuntu/work_space/build/deteccionaruco/build install --prefix /home/ubuntu/work_space/install/deteccionaruco --record /home/ubuntu/work_space/build/deteccionaruco/install.log --single-version-externally-managed
