[2.912s] Invoking command in '/home/ubuntu/work_space/src/deteccionaruco': PYTHONPATH=/home/ubuntu/work_space/install/deteccionaruco/lib/python3.8/site-packages:${PYTHONPATH} /usr/bin/python3 setup.py egg_info --egg-base ../../build/deteccionaruco build --build-base /home/ubuntu/work_space/build/deteccionaruco/build install --prefix /home/ubuntu/work_space/install/deteccionaruco --record /home/ubuntu/work_space/build/deteccionaruco/install.log --single-version-externally-managed
[3.922s] running egg_info
[3.924s] writing ../../build/deteccionaruco/deteccionaruco.egg-info/PKG-INFO
[3.925s] writing dependency_links to ../../build/deteccionaruco/deteccionaruco.egg-info/dependency_links.txt
[3.926s] writing entry points to ../../build/deteccionaruco/deteccionaruco.egg-info/entry_points.txt
[3.927s] writing requirements to ../../build/deteccionaruco/deteccionaruco.egg-info/requires.txt
[3.927s] writing top-level names to ../../build/deteccionaruco/deteccionaruco.egg-info/top_level.txt
[4.078s] reading manifest file '../../build/deteccionaruco/deteccionaruco.egg-info/SOURCES.txt'
[4.082s] writing manifest file '../../build/deteccionaruco/deteccionaruco.egg-info/SOURCES.txt'
[4.082s] running build
[4.083s] running build_py
[4.083s] copying deteccionaruco/aruco_odom.py -> /home/ubuntu/work_space/build/deteccionaruco/build/lib/deteccionaruco
[4.085s] running install
[4.088s] running install_lib
[4.092s] copying /home/ubuntu/work_space/build/deteccionaruco/build/lib/deteccionaruco/aruco_odom.py -> /home/ubuntu/work_space/install/deteccionaruco/lib/python3.8/site-packages/deteccionaruco
[4.095s] byte-compiling /home/ubuntu/work_space/install/deteccionaruco/lib/python3.8/site-packages/deteccionaruco/aruco_odom.py to aruco_odom.cpython-38.pyc
[4.099s] Sorry: TabError: inconsistent use of tabs and spaces in indentation (aruco_odom.py, line 43)
[4.100s] running install_data
[4.102s] running install_egg_info
[4.108s] removing '/home/ubuntu/work_space/install/deteccionaruco/lib/python3.8/site-packages/deteccionaruco-0.0.0-py3.8.egg-info' (and everything under it)
[4.109s] Copying ../../build/deteccionaruco/deteccionaruco.egg-info to /home/ubuntu/work_space/install/deteccionaruco/lib/python3.8/site-packages/deteccionaruco-0.0.0-py3.8.egg-info
[4.114s] running install_scripts
[4.186s] Installing aruco_odom script to /home/ubuntu/work_space/install/deteccionaruco/lib/deteccionaruco
[4.187s] writing list of installed files to '/home/ubuntu/work_space/build/deteccionaruco/install.log'
[4.290s] Invoked command in '/home/ubuntu/work_space/src/deteccionaruco' returned '0': PYTHONPATH=/home/ubuntu/work_space/install/deteccionaruco/lib/python3.8/site-packages:${PYTHONPATH} /usr/bin/python3 setup.py egg_info --egg-base ../../build/deteccionaruco build --build-base /home/ubuntu/work_space/build/deteccionaruco/build install --prefix /home/ubuntu/work_space/install/deteccionaruco --record /home/ubuntu/work_space/build/deteccionaruco/install.log --single-version-externally-managed
