[2.988s] Invoking command in '/home/ubuntu/work_space/src/deteccionaruco': PYTHONPATH=/home/ubuntu/work_space/install/deteccionaruco/lib/python3.8/site-packages:${PYTHONPATH} /usr/bin/python3 setup.py egg_info --egg-base ../../build/deteccionaruco build --build-base /home/ubuntu/work_space/build/deteccionaruco/build install --prefix /home/ubuntu/work_space/install/deteccionaruco --record /home/ubuntu/work_space/build/deteccionaruco/install.log --single-version-externally-managed
[4.009s] running egg_info
[4.011s] writing ../../build/deteccionaruco/deteccionaruco.egg-info/PKG-INFO
[4.012s] writing dependency_links to ../../build/deteccionaruco/deteccionaruco.egg-info/dependency_links.txt
[4.013s] writing entry points to ../../build/deteccionaruco/deteccionaruco.egg-info/entry_points.txt
[4.014s] writing requirements to ../../build/deteccionaruco/deteccionaruco.egg-info/requires.txt
[4.014s] writing top-level names to ../../build/deteccionaruco/deteccionaruco.egg-info/top_level.txt
[4.166s] reading manifest file '../../build/deteccionaruco/deteccionaruco.egg-info/SOURCES.txt'
[4.170s] writing manifest file '../../build/deteccionaruco/deteccionaruco.egg-info/SOURCES.txt'
[4.171s] running build
[4.171s] running build_py
[4.172s] copying deteccionaruco/aruco_odom.py -> /home/ubuntu/work_space/build/deteccionaruco/build/lib/deteccionaruco
[4.173s] running install
[4.176s] running install_lib
[4.181s] copying /home/ubuntu/work_space/build/deteccionaruco/build/lib/deteccionaruco/aruco_odom.py -> /home/ubuntu/work_space/install/deteccionaruco/lib/python3.8/site-packages/deteccionaruco
[4.183s] byte-compiling /home/ubuntu/work_space/install/deteccionaruco/lib/python3.8/site-packages/deteccionaruco/aruco_odom.py to aruco_odom.cpython-38.pyc
[4.190s] running install_data
[4.193s] running install_egg_info
[4.199s] removing '/home/ubuntu/work_space/install/deteccionaruco/lib/python3.8/site-packages/deteccionaruco-0.0.0-py3.8.egg-info' (and everything under it)
[4.201s] Copying ../../build/deteccionaruco/deteccionaruco.egg-info to /home/ubuntu/work_space/install/deteccionaruco/lib/python3.8/site-packages/deteccionaruco-0.0.0-py3.8.egg-info
[4.206s] running install_scripts
[4.277s] Installing aruco_odom script to /home/ubuntu/work_space/install/deteccionaruco/lib/deteccionaruco
[4.279s] writing list of installed files to '/home/ubuntu/work_space/build/deteccionaruco/install.log'
[4.380s] Invoked command in '/home/ubuntu/work_space/src/deteccionaruco' returned '0': PYTHONPATH=/home/ubuntu/work_space/install/deteccionaruco/lib/python3.8/site-packages:${PYTHONPATH} /usr/bin/python3 setup.py egg_info --egg-base ../../build/deteccionaruco build --build-base /home/ubuntu/work_space/build/deteccionaruco/build install --prefix /home/ubuntu/work_space/install/deteccionaruco --record /home/ubuntu/work_space/build/deteccionaruco/install.log --single-version-externally-managed
