[0.685s] DEBUG:colcon:Command line arguments: ['/usr/bin/colcon', 'build']
[0.685s] DEBUG:colcon:Parsed command line arguments: Namespace(allow_overriding=[], ament_cmake_args=None, base_paths=['.'], build_base='build', catkin_cmake_args=None, catkin_skip_building_tests=False, cmake_args=None, cmake_clean_cache=False, cmake_clean_first=False, cmake_force_configure=False, cmake_target=None, cmake_target_skip_unavailable=False, continue_on_error=False, event_handlers=None, executor='parallel', ignore_user_meta=False, install_base='install', log_base=None, log_level=None, main=<bound method BuildVerb.main of <colcon_core.verb.build.BuildVerb object at 0xffffa66408e0>>, merge_install=False, metas=['./colcon.meta'], packages_above=None, packages_above_and_dependencies=None, packages_above_depth=None, packages_end=None, packages_ignore=None, packages_ignore_regex=None, packages_select=None, packages_select_build_failed=False, packages_select_by_dep=None, packages_select_regex=None, packages_select_test_failures=False, packages_skip=None, packages_skip_build_finished=False, packages_skip_by_dep=None, packages_skip_regex=None, packages_skip_test_passed=False, packages_skip_up_to=None, packages_start=None, packages_up_to=None, packages_up_to_regex=None, parallel_workers=4, paths=None, symlink_install=False, test_result_base=None, verb_extension=<colcon_core.verb.build.BuildVerb object at 0xffffa66408e0>, verb_name='build', verb_parser=<colcon_defaults.argument_parser.defaults.DefaultArgumentsDecorator object at 0xffffa6640e50>)
[0.794s] Level 1:colcon.colcon_core.package_discovery:discover_packages(colcon_meta) check parameters
[0.794s] Level 1:colcon.colcon_core.package_discovery:discover_packages(recursive) check parameters
[0.795s] Level 1:colcon.colcon_core.package_discovery:discover_packages(ignore) check parameters
[0.795s] Level 1:colcon.colcon_core.package_discovery:discover_packages(path) check parameters
[0.795s] Level 1:colcon.colcon_core.package_discovery:discover_packages(colcon_meta) discover
[0.795s] Level 1:colcon.colcon_core.package_discovery:discover_packages(recursive) discover
[0.795s] INFO:colcon.colcon_core.package_discovery:Crawling recursively for packages in '/home/ubuntu/work_space'
[0.796s] Level 1:colcon.colcon_core.package_identification:_identify(.) by extensions ['ignore', 'ignore_ament_install']
[0.796s] Level 1:colcon.colcon_core.package_identification:_identify(.) by extension 'ignore'
[0.796s] Level 1:colcon.colcon_core.package_identification:_identify(.) by extension 'ignore_ament_install'
[0.797s] Level 1:colcon.colcon_core.package_identification:_identify(.) by extensions ['colcon_pkg']
[0.797s] Level 1:colcon.colcon_core.package_identification:_identify(.) by extension 'colcon_pkg'
[0.797s] Level 1:colcon.colcon_core.package_identification:_identify(.) by extensions ['colcon_meta']
[0.797s] Level 1:colcon.colcon_core.package_identification:_identify(.) by extension 'colcon_meta'
[0.797s] Level 1:colcon.colcon_core.package_identification:_identify(.) by extensions ['ros']
[0.797s] Level 1:colcon.colcon_core.package_identification:_identify(.) by extension 'ros'
[0.842s] Level 1:colcon.colcon_core.package_identification:_identify(.) by extensions ['cmake', 'python']
[0.842s] Level 1:colcon.colcon_core.package_identification:_identify(.) by extension 'cmake'
[0.843s] Level 1:colcon.colcon_core.package_identification:_identify(.) by extension 'python'
[0.843s] Level 1:colcon.colcon_core.package_identification:_identify(.) by extensions ['python_setup_py']
[0.843s] Level 1:colcon.colcon_core.package_identification:_identify(.) by extension 'python_setup_py'
[0.844s] Level 1:colcon.colcon_core.package_identification:_identify(build) by extensions ['ignore', 'ignore_ament_install']
[0.844s] Level 1:colcon.colcon_core.package_identification:_identify(build) by extension 'ignore'
[0.844s] Level 1:colcon.colcon_core.package_identification:_identify(build) ignored
[0.845s] Level 1:colcon.colcon_core.package_identification:_identify(install) by extensions ['ignore', 'ignore_ament_install']
[0.845s] Level 1:colcon.colcon_core.package_identification:_identify(install) by extension 'ignore'
[0.845s] Level 1:colcon.colcon_core.package_identification:_identify(install) ignored
[0.846s] Level 1:colcon.colcon_core.package_identification:_identify(log) by extensions ['ignore', 'ignore_ament_install']
[0.846s] Level 1:colcon.colcon_core.package_identification:_identify(log) by extension 'ignore'
[0.846s] Level 1:colcon.colcon_core.package_identification:_identify(log) ignored
[0.847s] Level 1:colcon.colcon_core.package_identification:_identify(src) by extensions ['ignore', 'ignore_ament_install']
[0.847s] Level 1:colcon.colcon_core.package_identification:_identify(src) by extension 'ignore'
[0.847s] Level 1:colcon.colcon_core.package_identification:_identify(src) by extension 'ignore_ament_install'
[0.848s] Level 1:colcon.colcon_core.package_identification:_identify(src) by extensions ['colcon_pkg']
[0.848s] Level 1:colcon.colcon_core.package_identification:_identify(src) by extension 'colcon_pkg'
[0.848s] Level 1:colcon.colcon_core.package_identification:_identify(src) by extensions ['colcon_meta']
[0.848s] Level 1:colcon.colcon_core.package_identification:_identify(src) by extension 'colcon_meta'
[0.848s] Level 1:colcon.colcon_core.package_identification:_identify(src) by extensions ['ros']
[0.848s] Level 1:colcon.colcon_core.package_identification:_identify(src) by extension 'ros'
[0.849s] Level 1:colcon.colcon_core.package_identification:_identify(src) by extensions ['cmake', 'python']
[0.849s] Level 1:colcon.colcon_core.package_identification:_identify(src) by extension 'cmake'
[0.849s] Level 1:colcon.colcon_core.package_identification:_identify(src) by extension 'python'
[0.849s] Level 1:colcon.colcon_core.package_identification:_identify(src) by extensions ['python_setup_py']
[0.849s] Level 1:colcon.colcon_core.package_identification:_identify(src) by extension 'python_setup_py'
[0.850s] Level 1:colcon.colcon_core.package_identification:_identify(src/deteccionaruco) by extensions ['ignore', 'ignore_ament_install']
[0.850s] Level 1:colcon.colcon_core.package_identification:_identify(src/deteccionaruco) by extension 'ignore'
[0.850s] Level 1:colcon.colcon_core.package_identification:_identify(src/deteccionaruco) by extension 'ignore_ament_install'
[0.851s] Level 1:colcon.colcon_core.package_identification:_identify(src/deteccionaruco) by extensions ['colcon_pkg']
[0.851s] Level 1:colcon.colcon_core.package_identification:_identify(src/deteccionaruco) by extension 'colcon_pkg'
[0.851s] Level 1:colcon.colcon_core.package_identification:_identify(src/deteccionaruco) by extensions ['colcon_meta']
[0.851s] Level 1:colcon.colcon_core.package_identification:_identify(src/deteccionaruco) by extension 'colcon_meta'
[0.851s] Level 1:colcon.colcon_core.package_identification:_identify(src/deteccionaruco) by extensions ['ros']
[0.851s] Level 1:colcon.colcon_core.package_identification:_identify(src/deteccionaruco) by extension 'ros'
[0.865s] DEBUG:colcon.colcon_core.package_identification:Package 'src/deteccionaruco' with type 'ros.ament_python' and name 'deteccionaruco'
[0.866s] Level 1:colcon.colcon_core.package_discovery:discover_packages(recursive) using defaults
[0.866s] Level 1:colcon.colcon_core.package_discovery:discover_packages(ignore) discover
[0.866s] Level 1:colcon.colcon_core.package_discovery:discover_packages(ignore) using defaults
[0.866s] Level 1:colcon.colcon_core.package_discovery:discover_packages(path) discover
[0.866s] Level 1:colcon.colcon_core.package_discovery:discover_packages(path) using defaults
[0.984s] Level 1:colcon.colcon_core.package_discovery:discover_packages(prefix_path) check parameters
[0.984s] Level 1:colcon.colcon_core.package_discovery:discover_packages(prefix_path) discover
[0.996s] DEBUG:colcon.colcon_installed_package_information.package_discovery:Found 1 installed packages in /home/ubuntu/work_space/install
[1.007s] DEBUG:colcon.colcon_installed_package_information.package_discovery:Found 268 installed packages in /opt/ros/foxy
[1.015s] Level 1:colcon.colcon_core.package_discovery:discover_packages(prefix_path) using defaults
[1.368s] Level 5:colcon.colcon_core.verb:set package 'deteccionaruco' build argument 'cmake_args' from command line to 'None'
[1.369s] Level 5:colcon.colcon_core.verb:set package 'deteccionaruco' build argument 'cmake_target' from command line to 'None'
[1.369s] Level 5:colcon.colcon_core.verb:set package 'deteccionaruco' build argument 'cmake_target_skip_unavailable' from command line to 'False'
[1.369s] Level 5:colcon.colcon_core.verb:set package 'deteccionaruco' build argument 'cmake_clean_cache' from command line to 'False'
[1.369s] Level 5:colcon.colcon_core.verb:set package 'deteccionaruco' build argument 'cmake_clean_first' from command line to 'False'
[1.369s] Level 5:colcon.colcon_core.verb:set package 'deteccionaruco' build argument 'cmake_force_configure' from command line to 'False'
[1.369s] Level 5:colcon.colcon_core.verb:set package 'deteccionaruco' build argument 'ament_cmake_args' from command line to 'None'
[1.369s] Level 5:colcon.colcon_core.verb:set package 'deteccionaruco' build argument 'catkin_cmake_args' from command line to 'None'
[1.369s] Level 5:colcon.colcon_core.verb:set package 'deteccionaruco' build argument 'catkin_skip_building_tests' from command line to 'False'
[1.370s] DEBUG:colcon.colcon_core.verb:Building package 'deteccionaruco' with the following arguments: {'ament_cmake_args': None, 'build_base': '/home/ubuntu/work_space/build/deteccionaruco', 'catkin_cmake_args': None, 'catkin_skip_building_tests': False, 'cmake_args': None, 'cmake_clean_cache': False, 'cmake_clean_first': False, 'cmake_force_configure': False, 'cmake_target': None, 'cmake_target_skip_unavailable': False, 'install_base': '/home/ubuntu/work_space/install/deteccionaruco', 'merge_install': False, 'path': '/home/ubuntu/work_space/src/deteccionaruco', 'symlink_install': False, 'test_result_base': None}
[1.373s] INFO:colcon.colcon_core.executor:Executing jobs using 'parallel' executor
[1.391s] DEBUG:colcon.colcon_parallel_executor.executor.parallel:run_until_complete
[1.392s] INFO:colcon.colcon_ros.task.ament_python.build:Building ROS package in '/home/ubuntu/work_space/src/deteccionaruco' with build type 'ament_python'
[1.393s] Level 1:colcon.colcon_core.shell:create_environment_hook('deteccionaruco', 'ament_prefix_path')
[1.415s] INFO:colcon.colcon_core.plugin_system:Skipping extension 'colcon_core.shell.bat': Not used on non-Windows systems
[1.416s] INFO:colcon.colcon_core.shell:Creating environment hook '/home/ubuntu/work_space/install/deteccionaruco/share/deteccionaruco/hook/ament_prefix_path.ps1'
[1.419s] INFO:colcon.colcon_core.shell:Creating environment descriptor '/home/ubuntu/work_space/install/deteccionaruco/share/deteccionaruco/hook/ament_prefix_path.dsv'
[1.421s] INFO:colcon.colcon_core.shell:Creating environment hook '/home/ubuntu/work_space/install/deteccionaruco/share/deteccionaruco/hook/ament_prefix_path.sh'
[1.433s] INFO:colcon.colcon_core.shell:Skip shell extension 'powershell' for command environment: Not usable outside of PowerShell
[1.433s] DEBUG:colcon.colcon_core.shell:Skip shell extension 'dsv' for command environment
[2.565s] INFO:colcon.colcon_core.task.python.build:Building Python package in '/home/ubuntu/work_space/src/deteccionaruco'
[2.573s] INFO:colcon.colcon_core.shell:Skip shell extension 'powershell' for command environment: Not usable outside of PowerShell
[2.573s] DEBUG:colcon.colcon_core.shell:Skip shell extension 'dsv' for command environment
[4.354s] DEBUG:colcon.colcon_core.event_handler.log_command:Invoking command in '/home/ubuntu/work_space/src/deteccionaruco': PYTHONPATH=/home/ubuntu/work_space/install/deteccionaruco/lib/python3.8/site-packages:${PYTHONPATH} /usr/bin/python3 setup.py egg_info --egg-base ../../build/deteccionaruco build --build-base /home/ubuntu/work_space/build/deteccionaruco/build install --prefix /home/ubuntu/work_space/install/deteccionaruco --record /home/ubuntu/work_space/build/deteccionaruco/install.log --single-version-externally-managed
[5.747s] DEBUG:colcon.colcon_core.event_handler.log_command:Invoked command in '/home/ubuntu/work_space/src/deteccionaruco' returned '0': PYTHONPATH=/home/ubuntu/work_space/install/deteccionaruco/lib/python3.8/site-packages:${PYTHONPATH} /usr/bin/python3 setup.py egg_info --egg-base ../../build/deteccionaruco build --build-base /home/ubuntu/work_space/build/deteccionaruco/build install --prefix /home/ubuntu/work_space/install/deteccionaruco --record /home/ubuntu/work_space/build/deteccionaruco/install.log --single-version-externally-managed
[5.773s] Level 1:colcon.colcon_core.environment:checking '/home/ubuntu/work_space/install/deteccionaruco' for CMake module files
[5.775s] Level 1:colcon.colcon_core.environment:checking '/home/ubuntu/work_space/install/deteccionaruco' for CMake config files
[5.779s] Level 1:colcon.colcon_core.environment:checking '/home/ubuntu/work_space/install/deteccionaruco/lib'
[5.780s] Level 1:colcon.colcon_core.environment:checking '/home/ubuntu/work_space/install/deteccionaruco/bin'
[5.780s] Level 1:colcon.colcon_core.environment:checking '/home/ubuntu/work_space/install/deteccionaruco/lib/pkgconfig/deteccionaruco.pc'
[5.781s] Level 1:colcon.colcon_core.environment:checking '/home/ubuntu/work_space/install/deteccionaruco/lib/python3.8/site-packages'
[5.781s] Level 1:colcon.colcon_core.shell:create_environment_hook('deteccionaruco', 'pythonpath')
[5.787s] INFO:colcon.colcon_core.shell:Creating environment hook '/home/ubuntu/work_space/install/deteccionaruco/share/deteccionaruco/hook/pythonpath.ps1'
[5.790s] INFO:colcon.colcon_core.shell:Creating environment descriptor '/home/ubuntu/work_space/install/deteccionaruco/share/deteccionaruco/hook/pythonpath.dsv'
[5.791s] INFO:colcon.colcon_core.shell:Creating environment hook '/home/ubuntu/work_space/install/deteccionaruco/share/deteccionaruco/hook/pythonpath.sh'
[5.794s] Level 1:colcon.colcon_core.environment:checking '/home/ubuntu/work_space/install/deteccionaruco/bin'
[5.794s] Level 1:colcon.colcon_core.environment:create_environment_scripts_only(deteccionaruco)
[5.800s] INFO:colcon.colcon_core.shell:Creating package script '/home/ubuntu/work_space/install/deteccionaruco/share/deteccionaruco/package.ps1'
[5.804s] INFO:colcon.colcon_core.shell:Creating package descriptor '/home/ubuntu/work_space/install/deteccionaruco/share/deteccionaruco/package.dsv'
[5.807s] INFO:colcon.colcon_core.shell:Creating package script '/home/ubuntu/work_space/install/deteccionaruco/share/deteccionaruco/package.sh'
[5.811s] INFO:colcon.colcon_core.shell:Creating package script '/home/ubuntu/work_space/install/deteccionaruco/share/deteccionaruco/package.bash'
[5.815s] INFO:colcon.colcon_core.shell:Creating package script '/home/ubuntu/work_space/install/deteccionaruco/share/deteccionaruco/package.zsh'
[5.818s] Level 1:colcon.colcon_core.environment:create_file_with_runtime_dependencies(/home/ubuntu/work_space/install/deteccionaruco/share/colcon-core/packages/deteccionaruco)
[5.819s] DEBUG:colcon.colcon_parallel_executor.executor.parallel:closing loop
[5.820s] DEBUG:colcon.colcon_parallel_executor.executor.parallel:loop closed
[5.821s] DEBUG:colcon.colcon_parallel_executor.executor.parallel:run_until_complete finished with '0'
[5.821s] DEBUG:colcon.colcon_core.event_reactor:joining thread
[5.856s] INFO:colcon.colcon_core.plugin_system:Skipping extension 'colcon_notification.desktop_notification.terminal_notifier': Not used on non-Darwin systems
[5.857s] INFO:colcon.colcon_core.plugin_system:Skipping extension 'colcon_notification.desktop_notification.win32': Not used on non-Windows systems
[5.859s] INFO:colcon.colcon_notification.desktop_notification:Sending desktop notification using 'notify2'
[5.930s] DEBUG:colcon.colcon_core.event_reactor:joined thread
[5.938s] INFO:colcon.colcon_core.shell:Creating prefix script '/home/ubuntu/work_space/install/local_setup.ps1'
[5.942s] INFO:colcon.colcon_core.shell:Creating prefix util module '/home/ubuntu/work_space/install/_local_setup_util_ps1.py'
[5.949s] INFO:colcon.colcon_core.shell:Creating prefix chain script '/home/ubuntu/work_space/install/setup.ps1'
[5.956s] INFO:colcon.colcon_core.shell:Creating prefix script '/home/ubuntu/work_space/install/local_setup.sh'
[5.959s] INFO:colcon.colcon_core.shell:Creating prefix util module '/home/ubuntu/work_space/install/_local_setup_util_sh.py'
[5.961s] INFO:colcon.colcon_core.shell:Creating prefix chain script '/home/ubuntu/work_space/install/setup.sh'
[5.968s] INFO:colcon.colcon_core.shell:Creating prefix script '/home/ubuntu/work_space/install/local_setup.bash'
[5.972s] INFO:colcon.colcon_core.shell:Creating prefix chain script '/home/ubuntu/work_space/install/setup.bash'
[5.979s] INFO:colcon.colcon_core.shell:Creating prefix script '/home/ubuntu/work_space/install/local_setup.zsh'
[5.982s] INFO:colcon.colcon_core.shell:Creating prefix chain script '/home/ubuntu/work_space/install/setup.zsh'
