running egg_info
writing ../../build/deteccionaruco/deteccionaruco.egg-info/PKG-INFO
writing dependency_links to ../../build/deteccionaruco/deteccionaruco.egg-info/dependency_links.txt
writing entry points to ../../build/deteccionaruco/deteccionaruco.egg-info/entry_points.txt
writing requirements to ../../build/deteccionaruco/deteccionaruco.egg-info/requires.txt
writing top-level names to ../../build/deteccionaruco/deteccionaruco.egg-info/top_level.txt
reading manifest file '../../build/deteccionaruco/deteccionaruco.egg-info/SOURCES.txt'
writing manifest file '../../build/deteccionaruco/deteccionaruco.egg-info/SOURCES.txt'
running build
running build_py
copying deteccionaruco/aruco_odom.py -> /home/ubuntu/work_space/build/deteccionaruco/build/lib/deteccionaruco
running install
running install_lib
copying /home/ubuntu/work_space/build/deteccionaruco/build/lib/deteccionaruco/aruco_odom.py -> /home/ubuntu/work_space/install/deteccionaruco/lib/python3.8/site-packages/deteccionaruco
byte-compiling /home/ubuntu/work_space/install/deteccionaruco/lib/python3.8/site-packages/deteccionaruco/aruco_odom.py to aruco_odom.cpython-38.pyc
Sorry: TabError: inconsistent use of tabs and spaces in indentation (aruco_odom.py, line 55)
running install_data
running install_egg_info
removing '/home/ubuntu/work_space/install/deteccionaruco/lib/python3.8/site-packages/deteccionaruco-0.0.0-py3.8.egg-info' (and everything under it)
Copying ../../build/deteccionaruco/deteccionaruco.egg-info to /home/ubuntu/work_space/install/deteccionaruco/lib/python3.8/site-packages/deteccionaruco-0.0.0-py3.8.egg-info
running install_scripts
Installing aruco_odom script to /home/ubuntu/work_space/install/deteccionaruco/lib/deteccionaruco
writing list of installed files to '/home/ubuntu/work_space/build/deteccionaruco/install.log'
